{"C:\\Users\\User\\Desktop\\Api_Brian\\NodejsTSTDD\\src\\controllers\\register-vehicle.ts": {"path":"C:\\Users\\User\\Desktop\\Api_Brian\\NodejsTSTDD\\src\\controllers\\register-vehicle.ts","statementMap":{"0":{"start":{"line":5,"column":31},"end":{"line":5,"column":65}},"1":{"start":{"line":7,"column":4},"end":{"line":14,"column":null}},"2":{"start":{"line":8,"column":6},"end":{"line":13,"column":null}},"3":{"start":{"line":9,"column":8},"end":{"line":12,"column":10}},"4":{"start":{"line":3,"column":0},"end":{"line":3,"column":13}}},"fnMap":{"0":{"name":"(anonymous_0)","decl":{"start":{"line":4,"column":2},"end":{"line":4,"column":8}},"loc":{"start":{"line":4,"column":33},"end":{"line":15,"column":3}}}},"branchMap":{"0":{"loc":{"start":{"line":8,"column":6},"end":{"line":13,"column":null}},"type":"if","locations":[{"start":{"line":8,"column":6},"end":{"line":13,"column":null}}]}},"s":{"0":4,"1":4,"2":10,"3":4,"4":1},"f":{"0":4},"b":{"0":[4]}}
}
